[debug] ----------------------------------------------------------------------
[debug] Command:      C:\Program Files\nodejs\node.exe C:\Users\USER\AppData\Roaming\npm\node_modules\firebase-tools\bin\firebase serve
[debug] CLI Version:  3.6.1
[debug] Platform:     win32
[debug] Node Version: v6.7.0
[debug] Time:         Sat Jun 17 2017 05:03:19 GMT+0800 (Malay Peninsula Standard Time)
[debug] ----------------------------------------------------------------------
[debug] 
[debug] > command requires scopes: ["email","openid","https://www.googleapis.com/auth/cloudplatformprojects.readonly","https://www.googleapis.com/auth/firebase","https://www.googleapis.com/auth/cloud-platform"]
[debug] > refreshing access token with scopes: ["email","https://www.googleapis.com/auth/cloud-platform","https://www.googleapis.com/auth/cloudplatformprojects.readonly","https://www.googleapis.com/auth/firebase","openid"]
[debug] >>> HTTP REQUEST POST https://www.googleapis.com/oauth2/v3/token { refresh_token: '1/4rV1E71e06alJYDuRKSBapuoaQECMke6y9JqBKjuL-g',
  client_id: '563584335869-fgrhgmd47bqnekij5i8b5pr03ho849e6.apps.googleusercontent.com',
  client_secret: 'j9iVZfS8kkCEFUPaAeJV0sAi',
  grant_type: 'refresh_token',
  scope: 'email https://www.googleapis.com/auth/cloud-platform https://www.googleapis.com/auth/cloudplatformprojects.readonly https://www.googleapis.com/auth/firebase openid' } 
 Sat Jun 17 2017 05:03:20 GMT+0800 (Malay Peninsula Standard Time)
[debug] <<< HTTP RESPONSE 200
[debug] >>> HTTP REQUEST GET https://admin.firebase.com/v1/projects/afrodapp-blog  
 Sat Jun 17 2017 05:03:20 GMT+0800 (Malay Peninsula Standard Time)
[debug] <<< HTTP RESPONSE 200
[debug] >>> HTTP REQUEST GET https://admin.firebase.com/v1/database/afrodapp-blog/tokens  
 Sat Jun 17 2017 05:03:21 GMT+0800 (Malay Peninsula Standard Time)
[debug] <<< HTTP RESPONSE 200
[info] Starting Firebase development server...
[info] 
[info] Project Directory: C:\wamp64\www\afrodapp-blog2
[debug] >>> HTTP REQUEST GET https://cloudresourcemanager.googleapis.com/v1/projects/afrodapp-blog  
 Sat Jun 17 2017 05:03:22 GMT+0800 (Malay Peninsula Standard Time)
[debug] <<< HTTP RESPONSE 200
[debug] >>> HTTP REQUEST GET https://mobilesdk-pa.googleapis.com/v1/projects/821886621730/clients/_:getWebAppConfig  
 Sat Jun 17 2017 05:03:24 GMT+0800 (Malay Peninsula Standard Time)
[debug] <<< HTTP RESPONSE 200
[info] Public Directory: build/es6-unbundled
[info] 
[info] Server listening at: http://localhost:5000
